<?xml version="1.0" encoding="utf-8"?><testsuites name="pytest tests"><testsuite name="pytest" errors="0" failures="0" skipped="0" tests="15" time="2.913" timestamp="2026-04-25T09:16:59.199474+00:00" hostname="agent-env-47e3026a-4251-484d-be82-bfb51657b25b"><testcase classname="backend.tests.backend_test" name="test_root" time="0.294" /><testcase classname="backend.tests.backend_test" name="test_list_subjects_no_id_leak" time="0.109" /><testcase classname="backend.tests.backend_test" name="test_update_subject_propagates" time="0.242" /><testcase classname="backend.tests.backend_test" name="test_session_crud_and_filter" time="0.142" /><testcase classname="backend.tests.backend_test" name="test_stats" time="0.395" /><testcase classname="backend.tests.backend_test" name="test_settings" time="0.176" /><testcase classname="backend.tests.backend_test" name="test_export_includes_new_fields" time="0.047" /><testcase classname="backend.tests.backend_test" name="test_import_replace_clears_journal_and_mocks" time="0.412" /><testcase classname="backend.tests.backend_test" name="test_journal_upsert_idempotent_on_date" time="0.312" /><testcase classname="backend.tests.backend_test" name="test_journal_get_default_for_missing_date" time="0.046" /><testcase classname="backend.tests.backend_test" name="test_journal_delete_404" time="0.047" /><testcase classname="backend.tests.backend_test" name="test_mock_create_auto_percentage_and_listing" time="0.311" /><testcase classname="backend.tests.backend_test" name="test_mock_rejects_zero_or_negative_max_score" time="0.129" /><testcase classname="backend.tests.backend_test" name="test_mock_delete_404" time="0.050" /><testcase classname="backend.tests.backend_test" name="test_mock_stats_empty_shape" time="0.087" /></testsuite></testsuites>